<?xml version="1.0" encoding="UTF-8"?>
<testng-results skipped="0" failed="0" total="3" passed="3">
  <reporter-output>
    <line>
      <![CDATA[<br>Step 1.- Access With Valid User<br>]]>
    </line>
    <line>
      <![CDATA[<br>Step 2.- Click on Filter List<br>]]>
    </line>
    <line>
      <![CDATA[<br>Step 3.- Select Filter Low to High<br>]]>
    </line>
    <line>
      <![CDATA[<br><b style="color:green">Step 4.- Validate If Items are Sort from Low to High</b><br>]]>
    </line>
    <line>
      <![CDATA[<br>Step 1.- Access With Valid User<br>]]>
    </line>
    <line>
      <![CDATA[<br>Step 2.- Click on Filter List<br>]]>
    </line>
    <line>
      <![CDATA[<br>Step 3.- Select Filter Low to High<br>]]>
    </line>
    <line>
      <![CDATA[<br><b style="color:green">Step 4.- Validate If Items are Sort from Low to High</b><br>]]>
    </line>
    <line>
      <![CDATA[<br>Step 1.- Access With Valid User<br>]]>
    </line>
    <line>
      <![CDATA[<br>Step 2.- Click on Filter List<br>]]>
    </line>
    <line>
      <![CDATA[<br>Step 3.- Select Filter Low to High<br>]]>
    </line>
    <line>
      <![CDATA[<br><b style="color:green">Step 4.- Validate If Items are Sort from Low to High</b><br>]]>
    </line>
  </reporter-output>
  <suite name="Saucedemo QA" duration-ms="26393" started-at="2021-06-01T02:14:16Z" finished-at="2021-06-01T02:14:43Z">
    <groups>
    </groups>
    <test name="Individual Suite Chrome" duration-ms="10634" started-at="2021-06-01T02:14:16Z" finished-at="2021-06-01T02:14:27Z">
      <class name="testSection.SortProducts">
        <test-method status="PASS" signature="setDriver(java.lang.String)[pri:0, instance:testSection.SortProducts@14acaea5]" name="setDriver" is-config="true" duration-ms="6335" started-at="2021-05-31T21:14:16Z" finished-at="2021-05-31T21:14:23Z">
          <params>
            <param index="0">
              <value>
                <![CDATA[Chrome]]>
              </value>
            </param>
          </params>
          <reporter-output>
          </reporter-output>
        </test-method> <!-- setDriver -->
        <test-method status="PASS" signature="sortProductsLowToHigh(java.lang.String, java.lang.String)[pri:1, instance:testSection.SortProducts@14acaea5]" name="sortProductsLowToHigh" duration-ms="2729" started-at="2021-05-31T21:14:23Z" description="4 - Sort Products" data-provider="ExcelInfo" finished-at="2021-05-31T21:14:26Z">
          <params>
            <param index="0">
              <value>
                <![CDATA[standard_user]]>
              </value>
            </param>
            <param index="1">
              <value>
                <![CDATA[secret_sauce]]>
              </value>
            </param>
          </params>
          <reporter-output>
            <line>
              <![CDATA[<br>Step 1.- Access With Valid User<br>]]>
            </line>
            <line>
              <![CDATA[<br>Step 2.- Click on Filter List<br>]]>
            </line>
            <line>
              <![CDATA[<br>Step 3.- Select Filter Low to High<br>]]>
            </line>
            <line>
              <![CDATA[<br><b style="color:green">Step 4.- Validate If Items are Sort from Low to High</b><br>]]>
            </line>
          </reporter-output>
        </test-method> <!-- sortProductsLowToHigh -->
        <test-method status="PASS" signature="removeDriver()[pri:0, instance:testSection.SortProducts@14acaea5]" name="removeDriver" is-config="true" duration-ms="1095" started-at="2021-05-31T21:14:26Z" finished-at="2021-05-31T21:14:27Z">
          <reporter-output>
          </reporter-output>
        </test-method> <!-- removeDriver -->
      </class> <!-- testSection.SortProducts -->
    </test> <!-- Individual Suite Chrome -->
    <test name="Individual Suite FireFox" duration-ms="9578" started-at="2021-06-01T02:14:27Z" finished-at="2021-06-01T02:14:37Z">
      <class name="testSection.SortProducts">
        <test-method status="PASS" signature="setDriver(java.lang.String)[pri:0, instance:testSection.SortProducts@6a4f787b]" name="setDriver" is-config="true" duration-ms="4444" started-at="2021-05-31T21:14:27Z" finished-at="2021-05-31T21:14:31Z">
          <params>
            <param index="0">
              <value>
                <![CDATA[FireFox]]>
              </value>
            </param>
          </params>
          <reporter-output>
          </reporter-output>
        </test-method> <!-- setDriver -->
        <test-method status="PASS" signature="sortProductsLowToHigh(java.lang.String, java.lang.String)[pri:1, instance:testSection.SortProducts@6a4f787b]" name="sortProductsLowToHigh" duration-ms="2864" started-at="2021-05-31T21:14:31Z" description="4 - Sort Products" data-provider="ExcelInfo" finished-at="2021-05-31T21:14:34Z">
          <params>
            <param index="0">
              <value>
                <![CDATA[standard_user]]>
              </value>
            </param>
            <param index="1">
              <value>
                <![CDATA[secret_sauce]]>
              </value>
            </param>
          </params>
          <reporter-output>
            <line>
              <![CDATA[<br>Step 1.- Access With Valid User<br>]]>
            </line>
            <line>
              <![CDATA[<br>Step 2.- Click on Filter List<br>]]>
            </line>
            <line>
              <![CDATA[<br>Step 3.- Select Filter Low to High<br>]]>
            </line>
            <line>
              <![CDATA[<br><b style="color:green">Step 4.- Validate If Items are Sort from Low to High</b><br>]]>
            </line>
          </reporter-output>
        </test-method> <!-- sortProductsLowToHigh -->
        <test-method status="PASS" signature="removeDriver()[pri:0, instance:testSection.SortProducts@6a4f787b]" name="removeDriver" is-config="true" duration-ms="2245" started-at="2021-05-31T21:14:34Z" finished-at="2021-05-31T21:14:37Z">
          <reporter-output>
          </reporter-output>
        </test-method> <!-- removeDriver -->
      </class> <!-- testSection.SortProducts -->
    </test> <!-- Individual Suite FireFox -->
    <test name="Individual Suite Edge" duration-ms="6117" started-at="2021-06-01T02:14:37Z" finished-at="2021-06-01T02:14:43Z">
      <class name="testSection.SortProducts">
        <test-method status="PASS" signature="setDriver(java.lang.String)[pri:0, instance:testSection.SortProducts@4883b407]" name="setDriver" is-config="true" duration-ms="2838" started-at="2021-05-31T21:14:37Z" finished-at="2021-05-31T21:14:39Z">
          <params>
            <param index="0">
              <value>
                <![CDATA[Edge]]>
              </value>
            </param>
          </params>
          <reporter-output>
          </reporter-output>
        </test-method> <!-- setDriver -->
        <test-method status="PASS" signature="sortProductsLowToHigh(java.lang.String, java.lang.String)[pri:1, instance:testSection.SortProducts@4883b407]" name="sortProductsLowToHigh" duration-ms="2612" started-at="2021-05-31T21:14:39Z" description="4 - Sort Products" data-provider="ExcelInfo" finished-at="2021-05-31T21:14:42Z">
          <params>
            <param index="0">
              <value>
                <![CDATA[standard_user]]>
              </value>
            </param>
            <param index="1">
              <value>
                <![CDATA[secret_sauce]]>
              </value>
            </param>
          </params>
          <reporter-output>
            <line>
              <![CDATA[<br>Step 1.- Access With Valid User<br>]]>
            </line>
            <line>
              <![CDATA[<br>Step 2.- Click on Filter List<br>]]>
            </line>
            <line>
              <![CDATA[<br>Step 3.- Select Filter Low to High<br>]]>
            </line>
            <line>
              <![CDATA[<br><b style="color:green">Step 4.- Validate If Items are Sort from Low to High</b><br>]]>
            </line>
          </reporter-output>
        </test-method> <!-- sortProductsLowToHigh -->
        <test-method status="PASS" signature="removeDriver()[pri:0, instance:testSection.SortProducts@4883b407]" name="removeDriver" is-config="true" duration-ms="646" started-at="2021-05-31T21:14:42Z" finished-at="2021-05-31T21:14:43Z">
          <reporter-output>
          </reporter-output>
        </test-method> <!-- removeDriver -->
      </class> <!-- testSection.SortProducts -->
    </test> <!-- Individual Suite Edge -->
  </suite> <!-- Saucedemo QA -->
</testng-results>
