<?xml version="1.0" encoding="UTF-8"?>
<!-- Generated by org.testng.reporters.JUnitXMLReporter -->
<testsuite hostname="DESKTOP-2QOES4O" name="Individual Suite Edge" tests="7" failures="0" timestamp="31 May 2021 18:26:35 GMT" time="316.267" errors="0">
  <testcase name="logInValidUser" time="0.415" classname="testSection.LogInValidUser"/>
  <testcase name="logInInvalidValidUser" time="0.218" classname="testSection.LogInInvalidUser"/>
  <testcase name="logOutHomePage" time="2.467" classname="testSection.LogOutHomePage"/>
  <testcase name="sortProductsLowToHigh" time="2.545" classname="testSection.SortProducts"/>
  <testcase name="multipleItemsShopping" time="1.047" classname="testSection.MultipleItemsShopping"/>
  <testcase name="addSpecificProduct" time="14.414" classname="testSection.AddSpecificProduct"/>
  <testcase name="completePurchase" time="3.277" classname="testSection.CompletePurchase"/>
</testsuite> <!-- Individual Suite Edge -->
