<?xml version="1.0" encoding="UTF-8"?>
<!-- Generated by org.testng.reporters.JUnitXMLReporter -->
<testsuite hostname="DESKTOP-2QOES4O" name="Regression Suite" tests="7" failures="0" timestamp="31 May 2021 21:35:48 GMT" time="217.784" errors="0">
  <testcase name="logInValidUser" time="5.276" classname="testSection.LogInValidUser"/>
  <testcase name="logInInvalidValidUser" time="5.238" classname="testSection.LogInInvalidUser"/>
  <testcase name="logOutHomePage" time="17.342" classname="testSection.LogOutHomePage"/>
  <testcase name="sortProductsLowToHigh" time="15.599" classname="testSection.SortProducts"/>
  <testcase name="multipleItemsShopping" time="35.637" classname="testSection.MultipleItemsShopping"/>
  <testcase name="addSpecificProduct" time="27.519" classname="testSection.AddSpecificProduct"/>
  <testcase name="completePurchase" time="43.125" classname="testSection.CompletePurchase"/>
</testsuite> <!-- Regression Suite -->
