<?xml version="1.0" encoding="UTF-8"?>
<!-- Generated by org.testng.reporters.JUnitXMLReporter -->
<testsuite hostname="DESKTOP-2QOES4O" name="Regression Suite" tests="7" failures="0" timestamp="31 May 2021 18:16:54 GMT" time="254.354" errors="0">
  <testcase name="logInValidUser" time="5.246" classname="testSection.LogInValidUser"/>
  <testcase name="logInInvalidValidUser" time="5.171" classname="testSection.LogInInvalidUser"/>
  <testcase name="logOutHomePage" time="17.35" classname="testSection.LogOutHomePage"/>
  <testcase name="sortProductsLowToHigh" time="2.534" classname="testSection.SortProducts"/>
  <testcase name="multipleItemsShopping" time="35.638" classname="testSection.MultipleItemsShopping"/>
  <testcase name="addSpecificProduct" time="27.563" classname="testSection.AddSpecificProduct"/>
  <testcase name="completePurchase" time="42.95" classname="testSection.CompletePurchase"/>
</testsuite> <!-- Regression Suite -->
