<?xml version="1.0" encoding="UTF-8"?>
<!-- Generated by org.testng.reporters.JUnitXMLReporter -->
<testsuite hostname="DESKTOP-2QOES4O" name="Smoke Test" tests="7" failures="0" timestamp="28 May 2021 17:59:20 GMT" time="182.326" errors="0">
  <testcase name="logInValidUser" time="5.292" classname="testSection.LogInValidUser"/>
  <testcase name="logInInvalidValidUser" time="5.177" classname="testSection.LogInInvalidUser"/>
  <testcase name="logOutHomePage" time="17.339" classname="testSection.LogOutHomePage"/>
  <testcase name="sortProductsLowToHigh" time="2.717" classname="testSection.SortProducts"/>
  <testcase name="multipleItemsShopping" time="35.62" classname="testSection.MultipleItemsShopping"/>
  <testcase name="addSpecificProduct" time="27.516" classname="testSection.AddSpecificProduct"/>
  <testcase name="completePurchase" time="42.946" classname="testSection.CompletePurchase"/>
</testsuite> <!-- Smoke Test -->
